<?xml version="1.0" encoding="UTF-8"?>
<!-- Generated by org.testng.reporters.JUnitReportReporter -->
<testsuite hostname="DESKTOP-M4GRLMR" failures="0" tests="2" name="MyTestcases" time="0.051" errors="0" timestamp="2023-11-21T20:44:50 EET" skipped="0">
  <testcase classname="MyTestcases" name="checktheLanguage" time="0.029"/>
  <system-out/>
  <testcase classname="MyTestcases" name="checktheCurrency" time="0.022"/>
  <system-out/>
</testsuite> <!-- MyTestcases -->
