<?xml version="1.0" encoding="UTF-8"?>
<!-- Generated by org.testng.reporters.JUnitReportReporter -->
<testsuite hostname="DESKTOP-M4GRLMR" failures="0" tests="8" name="MyTestcases" time="25.645" errors="0" timestamp="2023-11-29T20:57:20 EET" skipped="7">
  <testcase classname="MyTestcases" name="HotelTabSwitch" time="25.645"/>
  <system-out/>
  <testcase classname="MyTestcases" name="checktheCurrency">
    <skipped/>
  </testcase> <!-- checktheCurrency -->
  <system-out/>
  <testcase classname="MyTestcases" name="checkQitafLogoIsThere">
    <skipped/>
  </testcase> <!-- checkQitafLogoIsThere -->
  <system-out/>
  <testcase classname="MyTestcases" name="checktheLanguage">
    <skipped/>
  </testcase> <!-- checktheLanguage -->
  <system-out/>
  <testcase classname="MyTestcases" name="ContactNumberCheck">
    <skipped/>
  </testcase> <!-- ContactNumberCheck -->
  <system-out/>
  <testcase classname="MyTestcases" name="CheckTheDateOfTheWebSite">
    <skipped/>
  </testcase> <!-- CheckTheDateOfTheWebSite -->
  <system-out/>
  <testcase classname="MyTestcases" name="changeTheLanguageofTheWebsiteRandomly">
    <skipped/>
  </testcase> <!-- changeTheLanguageofTheWebsiteRandomly -->
  <system-out/>
  <testcase classname="MyTestcases" name="CheckHotelTabIsNotSelected">
    <skipped/>
  </testcase> <!-- CheckHotelTabIsNotSelected -->
  <system-out/>
</testsuite> <!-- MyTestcases -->
